<?xml version="1.0" encoding="UTF-8"?>
<testsuite name="com.example.my_kmm_app.shared.GreetingTest" tests="1" skipped="0" failures="0" errors="0" timestamp="2020-09-29T14:21:11" hostname="Haydn-MacBook-Pro.local" time="0.017">
  <properties/>
  <testcase name="testExample" classname="com.example.my_kmm_app.shared.GreetingTest" time="0.017"/>
  <system-out><![CDATA[]]></system-out>
  <system-err><![CDATA[]]></system-err>
</testsuite>
